<?xml version="1.0" encoding="UTF-8"?>
<!-- Generated by org.testng.reporters.JUnitXMLReporter -->
<testsuite hostname="ENV-BOM-038" name="Regression Test" tests="3" failures="0" timestamp="28 Apr 2016 12:09:35 GMT" time="110.408" errors="0">
  <testcase name="doLogoin" time="14.711" classname="com.ngtest.one.OneviewLogin"/>
  <testcase name="ExploreHomePage" time="16.484" classname="com.ngtest.one.OneviewLogin"/>
  <testcase name="ShiftDetails" time="77.464" classname="com.ngtest.one.OneviewLogin"/>
</testsuite> <!-- Regression Test -->
