<?xml version="1.0" encoding="UTF-8"?>
<testng-results skipped="0" failed="0" total="1" passed="1">
  <reporter-output>
  </reporter-output>
  <suite name="Default suite" duration-ms="17624" started-at="2016-05-20T11:12:25Z" finished-at="2016-05-20T11:12:43Z">
    <groups>
    </groups>
    <test name="Default test" duration-ms="17624" started-at="2016-05-20T11:12:25Z" finished-at="2016-05-20T11:12:43Z">
      <class name="com.app.test.test">
        <test-method status="PASS" signature="loginsrt()[pri:0, instance:com.app.test.test@2f8f11]" name="loginsrt" duration-ms="17607" started-at="2016-05-20T16:42:25Z" finished-at="2016-05-20T16:42:43Z">
          <reporter-output>
          </reporter-output>
        </test-method> <!-- loginsrt -->
      </class> <!-- com.app.test.test -->
    </test> <!-- Default test -->
  </suite> <!-- Default suite -->
</testng-results>
